<?xml version="1.0" encoding="UTF-8"?>
<!-- Generated by org.testng.reporters.JUnitReportReporter -->
<testsuite skipped="0" hostname="LAPTOP-U147QH6D" name="mvnOpenBrowser.MvnBrowser" tests="1" failures="0" timestamp="2021-01-13T17:56:53 IST" time="18.189" errors="0">
  <testcase name="openBrowser" time="18.189" classname="mvnOpenBrowser.MvnBrowser"/>
  <system-out/>
</testsuite> <!-- mvnOpenBrowser.MvnBrowser -->
