<?xml version="1.0" encoding="UTF-8"?>
<!-- Generated by org.testng.reporters.JUnitReportReporter -->
<testsuite skipped="0" hostname="LAPTOP-U147QH6D" name="mvnOpenBrowser.MvnBrowser" tests="1" failures="0" timestamp="13 Jan 2021 14:11:30 GMT" time="6.490" errors="0">
  <testcase name="openBrowser" time="6.490" classname="mvnOpenBrowser.MvnBrowser"/>
</testsuite> <!-- mvnOpenBrowser.MvnBrowser -->
